<?xml version="1.0" encoding="UTF-8"?>
<testsuite xmlns:xsi="http://www.w3.org/2001/XMLSchema-instance" xsi:noNamespaceSchemaLocation="https://maven.apache.org/surefire/maven-surefire-plugin/xsd/surefire-test-report-3.0.xsd" version="3.0" name="TestSuite" time="5.599" tests="10" errors="0" skipped="0" failures="0">
  <properties>
[...]
</properties>
  <testcase name="testCreateUser" classname="com.apiuitest.api.tests.UserApiTest" time="2.164">
    <system-err><![CDATA[SLF4J: Failed to load class "org.slf4j.impl.StaticLoggerBinder".
SLF4J: Defaulting to no-operation (NOP) logger implementation
SLF4J: See http://www.slf4j.org/codes.html#StaticLoggerBinder for further details.
]]></system-err>
  </testcase>
  <testcase name="testDeleteUser" classname="com.apiuitest.api.tests.UserApiTest" time="0.16"/>
  <testcase name="testGetAllUsers" classname="com.apiuitest.api.tests.UserApiTest" time="0.12"/>
  <testcase name="testGetUserById" classname="com.apiuitest.api.tests.UserApiTest" time="0.079"/>
  <testcase name="testUpdateUser" classname="com.apiuitest.api.tests.UserApiTest" time="0.399"/>
  <testcase name="testCreatePost" classname="com.apiuitest.api.tests.PostApiTest" time="0.162"/>
  <testcase name="testDeletePost" classname="com.apiuitest.api.tests.PostApiTest" time="0.471"/>
  <testcase name="testGetAllPosts" classname="com.apiuitest.api.tests.PostApiTest" time="0.135"/>
  <testcase name="testGetPostById" classname="com.apiuitest.api.tests.PostApiTest" time="0.094"/>
  <testcase name="testUpdatePost" classname="com.apiuitest.api.tests.PostApiTest" time="0.314"/>
</testsuite>