<?xml version="1.0" encoding="UTF-8"?>
<!-- Generated by org.testng.reporters.JUnitReportReporter -->
<testsuite hostname="Kritis-MacBook-Pro.local" failures="0" tests="2" name="com.apiuitest.ui.WebUiTest" time="12.166" errors="0" timestamp="2026-01-22T00:56:35 PST" skipped="0">
  <testcase classname="com.apiuitest.ui.WebUiTest" name="testABTestingPage" time="4.860"/>
  <testcase classname="com.apiuitest.ui.WebUiTest" name="testHomePage" time="7.306"/>
</testsuite> <!-- com.apiuitest.ui.WebUiTest -->
