<?xml version="1.0" encoding="UTF-8"?>
<testng-results ignored="0" total="2" passed="2" failed="0" skipped="0">
  <reporter-output>
  </reporter-output>
  <suite started-at="2026-01-22T00:43:53 PST" name="Surefire suite" finished-at="2026-01-22T00:44:02 PST" duration-ms="8658">
    <groups>
    </groups>
    <test started-at="2026-01-22T00:43:53 PST" name="Surefire test" finished-at="2026-01-22T00:44:02 PST" duration-ms="8658">
      <class name="com.apiuitest.ui.WebUiTest">
        <test-method is-config="true" signature="setUp()[pri:0, instance:com.apiuitest.ui.WebUiTest@5db45159]" started-at="2026-01-22T00:43:53 PST" name="setUp" finished-at="2026-01-22T00:43:56 PST" duration-ms="3270" status="PASS">
          <reporter-output>
          </reporter-output>
        </test-method> <!-- setUp -->
        <test-method signature="testABTestingPage()[pri:0, instance:com.apiuitest.ui.WebUiTest@5db45159]" started-at="2026-01-22T00:43:56 PST" name="testABTestingPage" finished-at="2026-01-22T00:43:58 PST" duration-ms="1707" status="PASS">
          <reporter-output>
          </reporter-output>
        </test-method> <!-- testABTestingPage -->
        <test-method is-config="true" signature="tearDown()[pri:0, instance:com.apiuitest.ui.WebUiTest@5db45159]" started-at="2026-01-22T00:43:58 PST" name="tearDown" finished-at="2026-01-22T00:43:58 PST" duration-ms="167" status="PASS">
          <reporter-output>
          </reporter-output>
        </test-method> <!-- tearDown -->
        <test-method is-config="true" signature="setUp()[pri:0, instance:com.apiuitest.ui.WebUiTest@5db45159]" started-at="2026-01-22T00:43:58 PST" name="setUp" finished-at="2026-01-22T00:44:00 PST" duration-ms="1928" status="PASS">
          <reporter-output>
          </reporter-output>
        </test-method> <!-- setUp -->
        <test-method signature="testHomePage()[pri:0, instance:com.apiuitest.ui.WebUiTest@5db45159]" started-at="2026-01-22T00:44:00 PST" name="testHomePage" finished-at="2026-01-22T00:44:02 PST" duration-ms="1391" status="PASS">
          <reporter-output>
          </reporter-output>
        </test-method> <!-- testHomePage -->
        <test-method is-config="true" signature="tearDown()[pri:0, instance:com.apiuitest.ui.WebUiTest@5db45159]" started-at="2026-01-22T00:44:02 PST" name="tearDown" finished-at="2026-01-22T00:44:02 PST" duration-ms="157" status="PASS">
          <reporter-output>
          </reporter-output>
        </test-method> <!-- tearDown -->
      </class> <!-- com.apiuitest.ui.WebUiTest -->
    </test> <!-- Surefire test -->
  </suite> <!-- Surefire suite -->
</testng-results>
