<?xml version="1.0" encoding="UTF-8"?>
<!-- Generated by org.testng.reporters.JUnitXMLReporter -->
<testsuite ignored="0" hostname="Kritis-MacBook-Pro.local" failures="0" tests="10" name="Surefire test" time="4.168" errors="0" timestamp="2026-01-22T00:56:20 PST">
  <testcase classname="com.apiuitest.api.tests.UserApiTest" name="testCreateUser" time="2.163"/>
  <testcase classname="com.apiuitest.api.tests.UserApiTest" name="testDeleteUser" time="0.161"/>
  <testcase classname="com.apiuitest.api.tests.UserApiTest" name="testGetAllUsers" time="0.121"/>
  <testcase classname="com.apiuitest.api.tests.UserApiTest" name="testGetUserById" time="0.079"/>
  <testcase classname="com.apiuitest.api.tests.UserApiTest" name="testUpdateUser" time="0.398"/>
  <testcase classname="com.apiuitest.api.tests.PostApiTest" name="testCreatePost" time="0.162"/>
  <testcase classname="com.apiuitest.api.tests.PostApiTest" name="testDeletePost" time="0.462"/>
  <testcase classname="com.apiuitest.api.tests.PostApiTest" name="testGetAllPosts" time="0.126"/>
  <testcase classname="com.apiuitest.api.tests.PostApiTest" name="testGetPostById" time="0.104"/>
  <testcase classname="com.apiuitest.api.tests.PostApiTest" name="testUpdatePost" time="0.338"/>
</testsuite> <!-- Surefire test -->
