<?xml version="1.0" encoding="UTF-8"?>
<!-- Generated by org.testng.reporters.JUnitXMLReporter -->
<testsuite ignored="0" hostname="Kritis-MacBook-Pro.local" failures="0" tests="10" name="Surefire test" time="2.694" errors="0" timestamp="2026-01-22T00:43:52 PST">
  <testcase classname="com.apiuitest.api.tests.UserApiTest" name="testCreateUser" time="1.5"/>
  <testcase classname="com.apiuitest.api.tests.UserApiTest" name="testDeleteUser" time="0.17"/>
  <testcase classname="com.apiuitest.api.tests.UserApiTest" name="testGetAllUsers" time="0.115"/>
  <testcase classname="com.apiuitest.api.tests.UserApiTest" name="testGetUserById" time="0.085"/>
  <testcase classname="com.apiuitest.api.tests.UserApiTest" name="testUpdateUser" time="0.161"/>
  <testcase classname="com.apiuitest.api.tests.PostApiTest" name="testCreatePost" time="0.14"/>
  <testcase classname="com.apiuitest.api.tests.PostApiTest" name="testDeletePost" time="0.15"/>
  <testcase classname="com.apiuitest.api.tests.PostApiTest" name="testGetAllPosts" time="0.081"/>
  <testcase classname="com.apiuitest.api.tests.PostApiTest" name="testGetPostById" time="0.08"/>
  <testcase classname="com.apiuitest.api.tests.PostApiTest" name="testUpdatePost" time="0.153"/>
</testsuite> <!-- Surefire test -->
