<?xml version="1.0" encoding="UTF-8"?>
<!-- Generated by org.testng.reporters.JUnitReportReporter -->
<testsuite hostname="Kritis-MacBook-Pro.local" failures="0" tests="5" name="com.apiuitest.api.tests.UserApiTest" time="2.922" errors="0" timestamp="2026-01-22T00:56:20 PST" skipped="0">
  <testcase classname="com.apiuitest.api.tests.UserApiTest" name="testGetAllUsers" time="0.121"/>
  <testcase classname="com.apiuitest.api.tests.UserApiTest" name="testCreateUser" time="2.163"/>
  <testcase classname="com.apiuitest.api.tests.UserApiTest" name="testDeleteUser" time="0.161"/>
  <testcase classname="com.apiuitest.api.tests.UserApiTest" name="testUpdateUser" time="0.398"/>
  <testcase classname="com.apiuitest.api.tests.UserApiTest" name="testGetUserById" time="0.079"/>
</testsuite> <!-- com.apiuitest.api.tests.UserApiTest -->
