<?xml version="1.0" encoding="UTF-8"?>
<!-- Generated by org.testng.reporters.JUnitReportReporter -->
<testsuite hostname="Kritis-MacBook-Pro.local" failures="0" tests="5" name="com.apiuitest.api.tests.PostApiTest" time="1.192" errors="0" timestamp="2026-01-22T00:56:20 PST" skipped="0">
  <testcase classname="com.apiuitest.api.tests.PostApiTest" name="testUpdatePost" time="0.338"/>
  <testcase classname="com.apiuitest.api.tests.PostApiTest" name="testDeletePost" time="0.462"/>
  <testcase classname="com.apiuitest.api.tests.PostApiTest" name="testCreatePost" time="0.162"/>
  <testcase classname="com.apiuitest.api.tests.PostApiTest" name="testGetAllPosts" time="0.126"/>
  <testcase classname="com.apiuitest.api.tests.PostApiTest" name="testGetPostById" time="0.104"/>
</testsuite> <!-- com.apiuitest.api.tests.PostApiTest -->
