<?xml version="1.0" encoding="UTF-8"?>
<!-- Generated by org.testng.reporters.JUnitReportReporter -->
<testsuite hostname="Kritis-MacBook-Pro.local" failures="0" tests="5" name="com.apiuitest.api.tests.UserApiTest" time="2.449" errors="0" timestamp="2026-01-22T01:13:02 PST" skipped="0">
  <testcase classname="com.apiuitest.api.tests.UserApiTest" name="testGetUserById" time="0.079"/>
  <testcase classname="com.apiuitest.api.tests.UserApiTest" name="testUpdateUser" time="0.364"/>
  <testcase classname="com.apiuitest.api.tests.UserApiTest" name="testCreateUser" time="1.703"/>
  <testcase classname="com.apiuitest.api.tests.UserApiTest" name="testDeleteUser" time="0.181"/>
  <testcase classname="com.apiuitest.api.tests.UserApiTest" name="testGetAllUsers" time="0.122"/>
</testsuite> <!-- com.apiuitest.api.tests.UserApiTest -->
