<?xml version="1.0" encoding="UTF-8"?>
<!-- Generated by org.testng.reporters.JUnitReportReporter -->
<testsuite hostname="Kritis-MacBook-Pro.local" failures="0" tests="5" name="com.apiuitest.api.tests.PostApiTest" time="0.604" errors="0" timestamp="2026-01-22T00:43:52 PST" skipped="0">
  <testcase classname="com.apiuitest.api.tests.PostApiTest" name="testUpdatePost" time="0.153"/>
  <testcase classname="com.apiuitest.api.tests.PostApiTest" name="testDeletePost" time="0.150"/>
  <testcase classname="com.apiuitest.api.tests.PostApiTest" name="testCreatePost" time="0.140"/>
  <testcase classname="com.apiuitest.api.tests.PostApiTest" name="testGetAllPosts" time="0.081"/>
  <testcase classname="com.apiuitest.api.tests.PostApiTest" name="testGetPostById" time="0.080"/>
</testsuite> <!-- com.apiuitest.api.tests.PostApiTest -->
